This is pdfTeX, Version 3.141592653-2.6-1.40.24 (MiKTeX 22.1) (preloaded format=pdflatex 2022.2.21)  4 MAR 2022 16:13
entering extended mode
 \write18 enabled.
 %&-line parsing enabled.
**./untitle.tex
(untitle.tex
LaTeX2e <2021-11-15> patch level 1
L3 programming layer <2022-02-05>
(C:\Users\Juve\AppData\Local\Programs\MiKTeX\tex/latex/base\article.cls
Document Class: article 2021/10/04 v1.4n Standard LaTeX document class
(C:\Users\Juve\AppData\Local\Programs\MiKTeX\tex/latex/base\size12.clo
File: size12.clo 2021/10/04 v1.4n Standard LaTeX file (size option)
)
\c@part=\count185
\c@section=\count186
\c@subsection=\count187
\c@subsubsection=\count188
\c@paragraph=\count189
\c@subparagraph=\count190
\c@figure=\count191
\c@table=\count192
\abovecaptionskip=\skip47
\belowcaptionskip=\skip48
\bibindent=\dimen138
)
(C:\Users\Juve\AppData\Local\Programs\MiKTeX\tex/latex/base\inputenc.sty
Package: inputenc 2021/02/14 v1.3d Input encoding file
\inpenc@prehook=\toks16
\inpenc@posthook=\toks17
)
(C:\Users\Juve\AppData\Local\Programs\MiKTeX\tex/generic/babel\babel.sty
Package: babel 2022/02/13 3.71 The Babel package
\babel@savecnt=\count193
\U@D=\dimen139
\l@unhyphenated=\language79

(C:\Users\Juve\AppData\Local\Programs\MiKTeX\tex/generic/babel\txtbabel.def)
\bbl@readstream=\read2
\bbl@dirlevel=\count194

*************************************
* Local config file bblopts.cfg used
*
(C:\Users\Juve\AppData\Local\Programs\MiKTeX\tex/latex/arabi\bblopts.cfg
File: bblopts.cfg 2005/09/08 v0.1 add Arabic and Farsi to "declared" options of
 babel
)
(C:\Users\Juve\AppData\Local\Programs\MiKTeX\tex/generic/babel-french\french.ld
f
Language: french 2021/07/20 v3.5m French support from the babel system
Package babel Info: Hyphen rules for 'acadian' set to \l@french
(babel)             (\language22). Reported on input line 91.
Package babel Info: Hyphen rules for 'canadien' set to \l@french
(babel)             (\language22). Reported on input line 92.
\FB@nonchar=\count195
Package babel Info: Making : an active character on input line 430.
Package babel Info: Making ; an active character on input line 431.
Package babel Info: Making ! an active character on input line 432.
Package babel Info: Making ? an active character on input line 433.
\FBguill@level=\count196
\FBold@everypar=\toks18
\FB@Mht=\dimen140
\mc@charclass=\count197
\mc@charfam=\count198
\mc@charslot=\count199
\std@mcc=\count266
\dec@mcc=\count267
\listindentFB=\dimen141
\descindentFB=\dimen142
\labelindentFB=\dimen143
\labelwidthFB=\dimen144
\leftmarginFB=\dimen145
\parindentFFN=\dimen146
\FBfnindent=\dimen147
))
(C:\Users\Juve\AppData\Local\Programs\MiKTeX\tex/latex/carlisle\scalefnt.sty)
(C:\Users\Juve\AppData\Local\Programs\MiKTeX\tex/latex/graphics\keyval.sty
Package: keyval 2014/10/28 v1.15 key=value parser (DPC)
\KV@toks@=\toks19
)
(C:\Users\Juve\AppData\Local\Programs\MiKTeX\tex/latex/base\fontenc.sty
Package: fontenc 2021/04/29 v2.0v Standard LaTeX package
)
(C:\Users\Juve\AppData\Local\Programs\MiKTeX\tex/latex/amsmath\amsmath.sty
Package: amsmath 2021/10/15 v2.17l AMS math features
\@mathmargin=\skip49

For additional information on amsmath, use the `?' option.
(C:\Users\Juve\AppData\Local\Programs\MiKTeX\tex/latex/amsmath\amstext.sty
Package: amstext 2021/08/26 v2.01 AMS text

(C:\Users\Juve\AppData\Local\Programs\MiKTeX\tex/latex/amsmath\amsgen.sty
File: amsgen.sty 1999/11/30 v2.0 generic functions
\@emptytoks=\toks20
\ex@=\dimen148
))
(C:\Users\Juve\AppData\Local\Programs\MiKTeX\tex/latex/amsmath\amsbsy.sty
Package: amsbsy 1999/11/29 v1.2d Bold Symbols
\pmbraise@=\dimen149
)
(C:\Users\Juve\AppData\Local\Programs\MiKTeX\tex/latex/amsmath\amsopn.sty
Package: amsopn 2021/08/26 v2.02 operator names
)
\inf@bad=\count268
LaTeX Info: Redefining \frac on input line 234.
\uproot@=\count269
\leftroot@=\count270
LaTeX Info: Redefining \overline on input line 399.
\classnum@=\count271
\DOTSCASE@=\count272
LaTeX Info: Redefining \ldots on input line 496.
LaTeX Info: Redefining \dots on input line 499.
LaTeX Info: Redefining \cdots on input line 620.
\Mathstrutbox@=\box50
\strutbox@=\box51
\big@size=\dimen150
LaTeX Font Info:    Redeclaring font encoding OML on input line 743.
LaTeX Font Info:    Redeclaring font encoding OMS on input line 744.
\macc@depth=\count273
\c@MaxMatrixCols=\count274
\dotsspace@=\muskip16
\c@parentequation=\count275
\dspbrk@lvl=\count276
\tag@help=\toks21
\row@=\count277
\column@=\count278
\maxfields@=\count279
\andhelp@=\toks22
\eqnshift@=\dimen151
\alignsep@=\dimen152
\tagshift@=\dimen153
\tagwidth@=\dimen154
\totwidth@=\dimen155
\lineht@=\dimen156
\@envbody=\toks23
\multlinegap=\skip50
\multlinetaggap=\skip51
\mathdisplay@stack=\toks24
LaTeX Info: Redefining \[ on input line 2938.
LaTeX Info: Redefining \] on input line 2939.
)
(C:\Users\Juve\AppData\Local\Programs\MiKTeX\tex/latex/amsfonts\amsfonts.sty
Package: amsfonts 2013/01/14 v3.01 Basic AMSFonts support
\symAMSa=\mathgroup4
\symAMSb=\mathgroup5
LaTeX Font Info:    Redeclaring math symbol \hbar on input line 98.
LaTeX Font Info:    Overwriting math alphabet `\mathfrak' in version `bold'
(Font)                  U/euf/m/n --> U/euf/b/n on input line 106.
)
(C:\Users\Juve\AppData\Local\Programs\MiKTeX\tex/latex/amsfonts\amssymb.sty
Package: amssymb 2013/01/14 v3.01 AMS font symbols
)
(automultiplechoice.sty
AMC version: 2021/02/12 v1.5.0~rc2 r:c71170c9
Package: automultiplechoice 2021/02/12 v1.5.0~rc2 r:c71170c9
(C:\Users\Juve\AppData\Local\Programs\MiKTeX\tex/latex/xcolor\xcolor.sty
Package: xcolor 2021/10/31 v2.13 LaTeX color extensions (UK)

(C:\Users\Juve\AppData\Local\Programs\MiKTeX\tex/latex/graphics-cfg\color.cfg
File: color.cfg 2016/01/02 v1.6 sample color configuration
)
Package xcolor Info: Driver file: pdftex.def on input line 227.

(C:\Users\Juve\AppData\Local\Programs\MiKTeX\tex/latex/graphics-def\pdftex.def
File: pdftex.def 2020/10/05 v1.2a Graphics/color driver for pdftex
)
Package xcolor Info: Model `cmy' substituted by `cmy0' on input line 1352.
Package xcolor Info: Model `hsb' substituted by `rgb' on input line 1356.
Package xcolor Info: Model `RGB' extended on input line 1368.
Package xcolor Info: Model `HTML' substituted by `rgb' on input line 1370.
Package xcolor Info: Model `Hsb' substituted by `hsb' on input line 1371.
Package xcolor Info: Model `tHsb' substituted by `hsb' on input line 1372.
Package xcolor Info: Model `HSB' substituted by `hsb' on input line 1373.
Package xcolor Info: Model `Gray' substituted by `gray' on input line 1374.
Package xcolor Info: Model `wave' substituted by `hsb' on input line 1375.
) (C:\Users\Juve\AppData\Local\Programs\MiKTeX\tex/latex/fancyhdr\fancyhdr.sty
Package: fancyhdr 2021/01/28 v4.0.1 Extensive control of page headers and foote
rs
\f@nch@headwidth=\skip52
\f@nch@O@elh=\skip53
\f@nch@O@erh=\skip54
\f@nch@O@olh=\skip55
\f@nch@O@orh=\skip56
\f@nch@O@elf=\skip57
\f@nch@O@erf=\skip58
\f@nch@O@olf=\skip59
\f@nch@O@orf=\skip60
) (C:\Users\Juve\AppData\Local\Programs\MiKTeX\tex/latex/bophook\bophook.sty
Package: bophook 2001/03/29 v0.02 beginning-of-page hook, K. Tinnefeld
)
(C:\Users\Juve\AppData\Local\Programs\MiKTeX\tex/latex/xkeyval\xkeyval.sty
Package: xkeyval 2020/11/20 v2.8 package option processing (HA)

(C:\Users\Juve\AppData\Local\Programs\MiKTeX\tex/generic/xkeyval\xkeyval.tex
(C:\Users\Juve\AppData\Local\Programs\MiKTeX\tex/generic/xkeyval\xkvutils.tex
\XKV@toks=\toks25
\XKV@tempa@toks=\toks26
)
\XKV@depth=\count280
File: xkeyval.tex 2014/12/03 v2.7a key=value parser (HA)
)) (C:\Users\Juve\AppData\Local\Programs\MiKTeX\tex/latex/graphics\rotating.sty
Package: rotating 2016/08/11 v2.16d rotated objects in LaTeX

(C:\Users\Juve\AppData\Local\Programs\MiKTeX\tex/latex/graphics\graphicx.sty
Package: graphicx 2021/09/16 v1.2d Enhanced LaTeX Graphics (DPC,SPQR)

(C:\Users\Juve\AppData\Local\Programs\MiKTeX\tex/latex/graphics\graphics.sty
Package: graphics 2021/03/04 v1.4d Standard LaTeX Graphics (DPC,SPQR)

(C:\Users\Juve\AppData\Local\Programs\MiKTeX\tex/latex/graphics\trig.sty
Package: trig 2021/08/11 v1.11 sin cos tan (DPC)
)
(C:\Users\Juve\AppData\Local\Programs\MiKTeX\tex/latex/graphics-cfg\graphics.cf
g
File: graphics.cfg 2016/06/04 v1.11 sample graphics configuration
)
Package graphics Info: Driver file: pdftex.def on input line 107.
)
\Gin@req@height=\dimen157
\Gin@req@width=\dimen158
) (C:\Users\Juve\AppData\Local\Programs\MiKTeX\tex/latex/base\ifthen.sty
Package: ifthen 2020/11/24 v1.1c Standard LaTeX ifthen package (DPC)
)
\c@r@tfl@t=\count281
\rotFPtop=\skip61
\rotFPbot=\skip62
\rot@float@box=\box52
\rot@mess@toks=\toks27
)
(C:\Users\Juve\AppData\Local\Programs\MiKTeX\tex/latex/fancybox\fancybox.sty
Package: fancybox 2010/05/15 1.4

Style option: `fancybox' v1.4 <2010/05/15> (tvz)
\@fancybox=\box53
\shadowsize=\dimen159
\@Sbox=\box54
\do@VerbBox=\toks28
\the@fancyput=\toks29
\this@fancyput=\toks30
\EndVerbatimTokens=\toks31
\Verbatim@Outfile=\write3
\Verbatim@Infile=\read3
) (C:\Users\Juve\AppData\Local\Programs\MiKTeX\tex/latex/l3kernel\expl3.sty
Package: expl3 2022-02-05 L3 programming layer (loader) 

(C:\Users\Juve\AppData\Local\Programs\MiKTeX\tex/latex/l3backend\l3backend-pdft
ex.def
File: l3backend-pdftex.def 2022-02-07 L3 backend support: PDF output (pdfTeX)
\l__color_backend_stack_int=\count282
\l__pdf_internal_box=\box55
))
(C:\Users\Juve\AppData\Local\Programs\MiKTeX\tex/latex/csvsimple\csvsimple.sty
(C:\Users\Juve\AppData\Local\Programs\MiKTeX\tex/latex/l3packages/l3keys2e\l3ke
ys2e.sty
Package: l3keys2e 2022-01-12 LaTeX2e option processing using LaTeX3 keys
)
Package: csvsimple 2022/02/01 v2.3.0 LaTeX CSV file processing
)
(C:\Users\Juve\AppData\Local\Programs\MiKTeX\tex/latex/csvsimple\csvsimple-lega
cy.sty
Package: csvsimple-legacy 2022/02/01 version 2.3.0 LaTeX2e CSV file processing

(C:\Users\Juve\AppData\Local\Programs\MiKTeX\tex/latex/pgf/utilities\pgfrcs.sty

(C:\Users\Juve\AppData\Local\Programs\MiKTeX\tex/generic/pgf/utilities\pgfutil-
common.tex
\pgfutil@everybye=\toks32
\pgfutil@tempdima=\dimen160
\pgfutil@tempdimb=\dimen161

(C:\Users\Juve\AppData\Local\Programs\MiKTeX\tex/generic/pgf/utilities\pgfutil-
common-lists.tex))
(C:\Users\Juve\AppData\Local\Programs\MiKTeX\tex/generic/pgf/utilities\pgfutil-
latex.def
\pgfutil@abb=\box56
)
(C:\Users\Juve\AppData\Local\Programs\MiKTeX\tex/generic/pgf/utilities\pgfrcs.c
ode.tex
(C:\Users\Juve\AppData\Local\Programs\MiKTeX\tex/generic/pgf\pgf.revision.tex)
Package: pgfrcs 2021/05/15 v3.1.9a (3.1.9a)
))
(C:\Users\Juve\AppData\Local\Programs\MiKTeX\tex/latex/pgf/utilities\pgfkeys.st
y
(C:\Users\Juve\AppData\Local\Programs\MiKTeX\tex/generic/pgf/utilities\pgfkeys.
code.tex
\pgfkeys@pathtoks=\toks33
\pgfkeys@temptoks=\toks34

(C:\Users\Juve\AppData\Local\Programs\MiKTeX\tex/generic/pgf/utilities\pgfkeysf
iltered.code.tex
\pgfkeys@tmptoks=\toks35
)))
(C:\Users\Juve\AppData\Local\Programs\MiKTeX\tex/latex/etoolbox\etoolbox.sty
Package: etoolbox 2020/10/05 v2.5k e-TeX tools for LaTeX (JAW)
\etb@tempcnta=\count283
)
(C:\Users\Juve\AppData\Local\Programs\MiKTeX\tex/latex/tools\shellesc.sty
Package: shellesc 2019/11/08 v1.0c unified shell escape interface for LaTeX
Package shellesc Info: Unrestricted shell escape enabled on input line 75.
)
\csv@file=\read4
\c@csvinputline=\count284
\c@csvrow=\count285
\c@csvcol=\count286
\csv@out=\write4
)
(C:\Users\Juve\AppData\Local\Programs\MiKTeX\tex/latex/environ\environ.sty
Package: environ 2014/05/04 v0.3 A new way to define environments

(C:\Users\Juve\AppData\Local\Programs\MiKTeX\tex/latex/trimspaces\trimspaces.st
y
Package: trimspaces 2009/09/17 v1.1 Trim spaces around a token list
))
\AMC@logfile=\write5
\openout5 = `untitle.amc'.

\AMCload@counter=\count287
\AMCid@quest=\count288
\AMCid@check=\count289
\AMCid@etud=\count290
\AMCid@etudstart=\count291
\AMCid@etudfin=\count292
\AMCnum@copies=\count293
\AMCformVSpace=\dimen162
\AMCformHSpace=\dimen163
\AMCinterIrep=\dimen164
\AMCinterBrep=\dimen165
\AMCinterIquest=\dimen166
\AMCinterBquest=\dimen167
\AMCpostOquest=\dimen168
\AMCids@width=\dimen169
\AMCids@height=\dimen170
\AMC@SR=\count294
\AMC@SR@count=\count295
\AMC@SRnum=\count296
\AMC@sti=\count297
\AMC@stil=\count298
\AMCsw@p@=\toks36
\AMC@numerotation=\count299
\AMC@XYspecial=\write6
\AMC@tmpXY=\write7
\AMC@smashbox=\box57
\AMC@smashboxheight=\dimen171
\c@AMC@ncase=\count300
\AMC@boxedrule=\skip63
\AMC@crossrule=\skip64
\AMC@boxeddown=\skip65
\AMC@boxedwidth=\skip66
\AMC@boxedheight=\skip67
\AMC@oval@radius=\skip68
\AMC@outside@sep=\skip69
\AMC@CBtaille=\skip70
\AMCbin@sequence=\toks37
\AMCbin@number=\count301
\AMCbin@ndigits=\count302
\AMCbin@id=\count303
\AMCbin@digit=\count304
\AMCtok@k=\count305
\AMCtok@max=\count306
\AMCtok@size=\count307
\AMC@imax=\count308
\AMCtok@ik=\count309
\AMCloop@k=\count310
\AMCrep@count=\count311
\reponse@cxcix=\toks38
\reponse@cxcviii=\toks39
\reponse@cxcvii=\toks40
\reponse@cxcvi=\toks41
\reponse@cxcv=\toks42
\reponse@cxciv=\toks43
\reponse@cxciii=\toks44
\reponse@cxcii=\toks45
\reponse@cxci=\toks46
\reponse@cxc=\toks47
\reponse@clxxxix=\toks48
\reponse@clxxxviii=\toks49
\reponse@clxxxvii=\toks50
\reponse@clxxxvi=\toks51
\reponse@clxxxv=\toks52
\reponse@clxxxiv=\toks53
\reponse@clxxxiii=\toks54
\reponse@clxxxii=\toks55
\reponse@clxxxi=\toks56
\reponse@clxxx=\toks57
\reponse@clxxix=\toks58
\reponse@clxxviii=\toks59
\reponse@clxxvii=\toks60
\reponse@clxxvi=\toks61
\reponse@clxxv=\toks62
\reponse@clxxiv=\toks63
\reponse@clxxiii=\toks64
\reponse@clxxii=\toks65
\reponse@clxxi=\toks66
\reponse@clxx=\toks67
\reponse@clxix=\toks68
\reponse@clxviii=\toks69
\reponse@clxvii=\toks70
\reponse@clxvi=\toks71
\reponse@clxv=\toks72
\reponse@clxiv=\toks73
\reponse@clxiii=\toks74
\reponse@clxii=\toks75
\reponse@clxi=\toks76
\reponse@clx=\toks77
\reponse@clix=\toks78
\reponse@clviii=\toks79
\reponse@clvii=\toks80
\reponse@clvi=\toks81
\reponse@clv=\toks82
\reponse@cliv=\toks83
\reponse@cliii=\toks84
\reponse@clii=\toks85
\reponse@cli=\toks86
\reponse@cl=\toks87
\reponse@cxlix=\toks88
\reponse@cxlviii=\toks89
\reponse@cxlvii=\toks90
\reponse@cxlvi=\toks91
\reponse@cxlv=\toks92
\reponse@cxliv=\toks93
\reponse@cxliii=\toks94
\reponse@cxlii=\toks95
\reponse@cxli=\toks96
\reponse@cxl=\toks97
\reponse@cxxxix=\toks98
\reponse@cxxxviii=\toks99
\reponse@cxxxvii=\toks100
\reponse@cxxxvi=\toks101
\reponse@cxxxv=\toks102
\reponse@cxxxiv=\toks103
\reponse@cxxxiii=\toks104
\reponse@cxxxii=\toks105
\reponse@cxxxi=\toks106
\reponse@cxxx=\toks107
\reponse@cxxix=\toks108
\reponse@cxxviii=\toks109
\reponse@cxxvii=\toks110
\reponse@cxxvi=\toks111
\reponse@cxxv=\toks112
\reponse@cxxiv=\toks113
\reponse@cxxiii=\toks114
\reponse@cxxii=\toks115
\reponse@cxxi=\toks116
\reponse@cxx=\toks117
\reponse@cxix=\toks118
\reponse@cxviii=\toks119
\reponse@cxvii=\toks120
\reponse@cxvi=\toks121
\reponse@cxv=\toks122
\reponse@cxiv=\toks123
\reponse@cxiii=\toks124
\reponse@cxii=\toks125
\reponse@cxi=\toks126
\reponse@cx=\toks127
\reponse@cix=\toks128
\reponse@cviii=\toks129
\reponse@cvii=\toks130
\reponse@cvi=\toks131
\reponse@cv=\toks132
\reponse@civ=\toks133
\reponse@ciii=\toks134
\reponse@cii=\toks135
\reponse@ci=\toks136
\reponse@c=\toks137
\reponse@xcix=\toks138
\reponse@xcviii=\toks139
\reponse@xcvii=\toks140
\reponse@xcvi=\toks141
\reponse@xcv=\toks142
\reponse@xciv=\toks143
\reponse@xciii=\toks144
\reponse@xcii=\toks145
\reponse@xci=\toks146
\reponse@xc=\toks147
\reponse@lxxxix=\toks148
\reponse@lxxxviii=\toks149
\reponse@lxxxvii=\toks150
\reponse@lxxxvi=\toks151
\reponse@lxxxv=\toks152
\reponse@lxxxiv=\toks153
\reponse@lxxxiii=\toks154
\reponse@lxxxii=\toks155
\reponse@lxxxi=\toks156
\reponse@lxxx=\toks157
\reponse@lxxix=\toks158
\reponse@lxxviii=\toks159
\reponse@lxxvii=\toks160
\reponse@lxxvi=\toks161
\reponse@lxxv=\toks162
\reponse@lxxiv=\toks163
\reponse@lxxiii=\toks164
\reponse@lxxii=\toks165
\reponse@lxxi=\toks166
\reponse@lxx=\toks167
\reponse@lxix=\toks168
\reponse@lxviii=\toks169
\reponse@lxvii=\toks170
\reponse@lxvi=\toks171
\reponse@lxv=\toks172
\reponse@lxiv=\toks173
\reponse@lxiii=\toks174
\reponse@lxii=\toks175
\reponse@lxi=\toks176
\reponse@lx=\toks177
\reponse@lix=\toks178
\reponse@lviii=\toks179
\reponse@lvii=\toks180
\reponse@lvi=\toks181
\reponse@lv=\toks182
\reponse@liv=\toks183
\reponse@liii=\toks184
\reponse@lii=\toks185
\reponse@li=\toks186
\reponse@l=\toks187
\reponse@xlix=\toks188
\reponse@xlviii=\toks189
\reponse@xlvii=\toks190
\reponse@xlvi=\toks191
\reponse@xlv=\toks192
\reponse@xliv=\toks193
\reponse@xliii=\toks194
\reponse@xlii=\toks195
\reponse@xli=\toks196
\reponse@xl=\toks197
\reponse@xxxix=\toks198
\reponse@xxxviii=\toks199
\reponse@xxxvii=\toks200
\reponse@xxxvi=\toks201
\reponse@xxxv=\toks202
\reponse@xxxiv=\toks203
\reponse@xxxiii=\toks204
\reponse@xxxii=\toks205
\reponse@xxxi=\toks206
\reponse@xxx=\toks207
\reponse@xxix=\toks208
\reponse@xxviii=\toks209
\reponse@xxvii=\toks210
\reponse@xxvi=\toks211
\reponse@xxv=\toks212
\reponse@xxiv=\toks213
\reponse@xxiii=\toks214
\reponse@xxii=\toks215
\reponse@xxi=\toks216
\reponse@xx=\toks217
\reponse@xix=\toks218
\reponse@xviii=\toks219
\reponse@xvii=\toks220
\reponse@xvi=\toks221
\reponse@xv=\toks222
\reponse@xiv=\toks223
\reponse@xiii=\toks224
\reponse@xii=\toks225
\reponse@xi=\toks226
\reponse@x=\toks227
\reponse@ix=\toks228
\reponse@viii=\toks229
\reponse@vii=\toks230
\reponse@vi=\toks231
\reponse@v=\toks232
\reponse@iv=\toks233
\reponse@iii=\toks234
\reponse@ii=\toks235
\reponse@i=\toks236
\AMCnum@questions=\count312
\AMCrep@@count=\count313
\amc_memory_elts_count=\count314
\AMChorizAnswerSep=\skip71
\AMChorizBoxSep=\skip72
\AMC@mn@test=\skip73
\AMC@mn@sep=\skip74
\AMC@mn@leftmargin=\skip75
\AMC@mn@rightmargin=\skip76
\AMC@sz@width=\skip77
\AMC@sz@height=\skip78
\AMC@sz@depth=\skip79
\AMC@sza@width=\skip80
\AMC@sza@height=\skip81
\AMC@sza@depth=\skip82
\c@AMCquestionaff=\count315
\ouverte@vs=\dimen172
\AMC@chiffres=\count316
\AMCcodeHspace=\dimen173
\AMCcodeVspace=\dimen174
\amc_code_digit_n_int=\count317
\amc_num_exponent_int=\count318
\amc_todigits_int=\count319
\AMCnumeric@Hspace=\dimen175
\AMCnumeric@Vspace=\dimen176
\amc_num_ndigits_int=\count320
\amc_num_decd_int=\count321
\amc_num_expo_int=\count322
\amc_num_base_int=\count323
\amc_num_exact_int=\count324
\amc_num_approx_int=\count325
\amc_num_digit_value_int=\count326
\amc_num_first_digit_int=\count327
\amc_num_digit_int=\count328
\amc_num_sign_int=\count329
\amc_num_expo_sign_int=\count330
\amc_num_correct_expo_int=\count331
\AMCopen@Hspace=\dimen177
\AMCopen@LineHeight=\dimen178
\AMCopen@Lines=\count332
\AMCopen@boxmargin=\dimen179
\AMCopen@boxframerule=\dimen180
\AMCopen@framerule=\dimen181
\AMC@addpages=\count333
 (C:\Users\Juve\AppData\Local\Programs\MiKTeX\tex/latex/etex-pkg\etex.sty
Package: etex 2016/08/01 v2.7 eTeX basic definition package (PEB,DPC)


Package etex Warning: Extended allocation already in use.
(etex)                etex.sty code will not be used.
(etex)                To force etex package to load, add
(etex)                \RequirePackage{etex}
(etex)                at the start of the document.

) (C:\Users\Juve\AppData\Local\Programs\MiKTeX\tex/latex/geometry\geometry.sty
Package: geometry 2020/01/02 v5.9 Page Geometry

(C:\Users\Juve\AppData\Local\Programs\MiKTeX\tex/generic/iftex\ifvtex.sty
Package: ifvtex 2019/10/25 v1.7 ifvtex legacy package. Use iftex instead.

(C:\Users\Juve\AppData\Local\Programs\MiKTeX\tex/generic/iftex\iftex.sty
Package: iftex 2022/02/03 v1.0f TeX engine tests
))
\Gm@cnth=\count334
\Gm@cntv=\count335
\c@Gm@tempcnt=\count336
\Gm@bindingoffset=\dimen182
\Gm@wd@mp=\dimen183
\Gm@odd@mp=\dimen184
\Gm@even@mp=\dimen185
\Gm@layoutwidth=\dimen186
\Gm@layoutheight=\dimen187
\Gm@layouthoffset=\dimen188
\Gm@layoutvoffset=\dimen189
\Gm@dimlist=\toks237

(C:\Users\Juve\AppData\Local\Programs\MiKTeX\tex/latex/geometry\geometry.cfg)))
(C:\Users\Juve\AppData\Local\Programs\MiKTeX\tex/latex/tools\multicol.sty
Package: multicol 2021/10/28 v1.9b multicolumn formatting (FMi)
\c@tracingmulticols=\count337
\mult@box=\box58
\multicol@leftmargin=\dimen190
\c@unbalance=\count338
\c@collectmore=\count339
\doublecol@number=\count340
\multicoltolerance=\count341
\multicolpretolerance=\count342
\full@width=\dimen191
\page@free=\dimen192
\premulticols=\dimen193
\postmulticols=\dimen194
\multicolsep=\skip83
\multicolbaselineskip=\skip84
\partial@page=\box59
\last@line=\box60
\maxbalancingoverflow=\dimen195
\mult@rightbox=\box61
\mult@grightbox=\box62
\mult@firstbox=\box63
\mult@gfirstbox=\box64
\@tempa=\box65
\@tempa=\box66
\@tempa=\box67
\@tempa=\box68
\@tempa=\box69
\@tempa=\box70
\@tempa=\box71
\@tempa=\box72
\@tempa=\box73
\@tempa=\box74
\@tempa=\box75
\@tempa=\box76
\@tempa=\box77
\@tempa=\box78
\@tempa=\box79
\@tempa=\box80
\@tempa=\box81
\@tempa=\box82
\@tempa=\box83
\@tempa=\box84
\@tempa=\box85
\@tempa=\box86
\@tempa=\box87
\@tempa=\box88
\@tempa=\box89
\@tempa=\box90
\@tempa=\box91
\@tempa=\box92
\@tempa=\box93
\@tempa=\box94
\@tempa=\box95
\@tempa=\box96
\@tempa=\box97
\@tempa=\box98
\@tempa=\box99
\@tempa=\box100
\c@minrows=\count343
\c@columnbadness=\count344
\c@finalcolumnbadness=\count345
\last@try=\dimen196
\multicolovershoot=\dimen197
\multicolundershoot=\dimen198
\mult@nat@firstbox=\box101
\colbreak@box=\box102
\mc@col@check@num=\count346
)
(C:\Users\Juve\AppData\Local\Programs\MiKTeX\tex/latex/moreverb\moreverb.sty
Package: moreverb 2008/06/03 v2.3a `more' verbatim facilities

(C:\Users\Juve\AppData\Local\Programs\MiKTeX\tex/latex/tools\verbatim.sty
Package: verbatim 2020-07-07 v1.5u LaTeX2e package for verbatim enhancements
\every@verbatim=\toks238
\verbatim@line=\toks239
\verbatim@in@stream=\read5
)
\tab@position=\count347
\tab@size=\count348
\listing@line=\count349
)
(C:\Users\Juve\AppData\Local\Programs\MiKTeX\tex/latex/pythontex\pythontex.sty
Package: pythontex 2021/06/06 v0.18 execute and typeset Python code and other l
anguages

(C:\Users\Juve\AppData\Local\Programs\MiKTeX\tex/latex/fvextra\fvextra.sty
Package: fvextra 2019/02/04 v1.4 fvextra - extensions and patches for fancyvrb

(C:\Users\Juve\AppData\Local\Programs\MiKTeX\tex/latex/fancyvrb\fancyvrb.sty
Package: fancyvrb 2021/12/21 4.1b verbatim text (tvz,hv)
\FV@CodeLineNo=\count350
\FV@InFile=\read6
\FV@TabBox=\box103
\c@FancyVerbLine=\count351
\FV@StepNumber=\count352
\FV@OutFile=\write8
LaTeX Info: Redefining \UseVerb on input line 1241.
)
(C:\Users\Juve\AppData\Local\Programs\MiKTeX\tex/latex/upquote\upquote.sty
Package: upquote 2012/04/19 v1.3 upright-quote and grave-accent glyphs in verba
tim

(C:\Users\Juve\AppData\Local\Programs\MiKTeX\tex/latex/base\textcomp.sty
Package: textcomp 2020/02/02 v2.0n Standard LaTeX package
))
(C:\Users\Juve\AppData\Local\Programs\MiKTeX\tex/latex/lineno\lineno.sty
Package: lineno 2005/11/02 line numbers on paragraphs v4.41
\linenopenalty=\count353
\output=\toks240
\linenoprevgraf=\count354
\linenumbersep=\dimen199
\linenumberwidth=\dimen256
\c@linenumber=\count355
\c@pagewiselinenumber=\count356
\c@LN@truepage=\count357
\c@internallinenumber=\count358
\c@internallinenumbers=\count359
\quotelinenumbersep=\dimen257
\bframerule=\dimen258
\bframesep=\dimen259
\bframebox=\box104
LaTeX Info: Redefining \\ on input line 3056.
)
\c@FV@TrueTabGroupLevel=\count360
\c@FV@TrueTabCounter=\count361
\FV@TabBox@Group=\box105
\FV@TmpLength=\skip85
\c@FV@HighlightLinesStart=\count362
\c@FV@HighlightLinesStop=\count363
\FV@LoopCount=\count364
\FV@NCharsBox=\box106
\FV@BreakIndent=\dimen260
\FV@BreakIndentNChars=\count365
\FV@BreakSymbolSepLeft=\dimen261
\FV@BreakSymbolSepLeftNChars=\count366
\FV@BreakSymbolSepRight=\dimen262
\FV@BreakSymbolSepRightNChars=\count367
\FV@BreakSymbolIndentLeft=\dimen263
\FV@BreakSymbolIndentLeftNChars=\count368
\FV@BreakSymbolIndentRight=\dimen264
\FV@BreakSymbolIndentRightNChars=\count369
\c@FancyVerbLineBreakLast=\count370
\FV@LineBox=\box107
\FV@LineIndentBox=\box108
\FV@LineWidth=\dimen265
)
(C:\Users\Juve\AppData\Local\Programs\MiKTeX\tex/latex/xstring\xstring.sty
(C:\Users\Juve\AppData\Local\Programs\MiKTeX\tex/generic/xstring\xstring.tex
\integerpart=\count371
\decimalpart=\count372
)
Package: xstring 2021/07/21 v1.84 String manipulations (CT)
)
(C:\Users\Juve\AppData\Local\Programs\MiKTeX\tex/latex/pgfopts\pgfopts.sty
Package: pgfopts 2014/07/10 v2.1a LaTeX package options with pgfkeys
\pgfopts@list@add@a@toks=\toks241
\pgfopts@list@add@b@toks=\toks242
)
(C:\Users\Juve\AppData\Local\Programs\MiKTeX\tex/latex/newfloat\newfloat.sty
Package: newfloat 2019/09/02 v1.1l Defining new floating environments (AR)
Package newfloat Info: `rotating' package detected.
)
(C:\Users\Juve\AppData\Local\Programs\MiKTeX\tex/latex/currfile\currfile.sty
Package: currfile 2020/09/29 v0.7d Provides the file path elements of the curre
nt input file

(C:\Users\Juve\AppData\Local\Programs\MiKTeX\tex/latex/kvoptions\kvoptions.sty
Package: kvoptions 2020-10-07 v3.14 Key value format for package options (HO)

(C:\Users\Juve\AppData\Local\Programs\MiKTeX\tex/generic/ltxcmds\ltxcmds.sty
Package: ltxcmds 2020-05-10 v1.25 LaTeX kernel commands for general use (HO)
)
(C:\Users\Juve\AppData\Local\Programs\MiKTeX\tex/generic/kvsetkeys\kvsetkeys.st
y
Package: kvsetkeys 2019/12/15 v1.18 Key value parser (HO)
))
(C:\Users\Juve\AppData\Local\Programs\MiKTeX\tex/latex/filehook\filehook.sty
Package: filehook 2020/09/29 v0.8a Hooks for input files

(C:\Users\Juve\AppData\Local\Programs\MiKTeX\tex/latex/filehook\filehook-2020.s
ty
Package: filehook-2020 2020/09/29 v0.8a Hooks for input files
))
\c@currfiledepth=\count373
)
\pytx@codefile=\write9
\openout9 = `untitle.pytxcode'.

\c@pytx@FancyVerbLineTemp=\count374
\c@pytx@py@default@default=\count375
\c@pytx@pycon@default@default=\count376
\c@pytx@sympy@default@default=\count377
\c@pytx@sympycon@default@default=\count378
\c@pytx@pylab@default@default=\count379
\c@pytx@pylabcon@default@default=\count380
) (untitle.aux)
\openout1 = `untitle.aux'.

LaTeX Font Info:    Checking defaults for OML/cmm/m/it on input line 19.
LaTeX Font Info:    ... okay on input line 19.
LaTeX Font Info:    Checking defaults for OMS/cmsy/m/n on input line 19.
LaTeX Font Info:    ... okay on input line 19.
LaTeX Font Info:    Checking defaults for OT1/cmr/m/n on input line 19.
LaTeX Font Info:    ... okay on input line 19.
LaTeX Font Info:    Checking defaults for T1/cmr/m/n on input line 19.
LaTeX Font Info:    ... okay on input line 19.
LaTeX Font Info:    Checking defaults for TS1/cmr/m/n on input line 19.
LaTeX Font Info:    ... okay on input line 19.
LaTeX Font Info:    Checking defaults for OMX/cmex/m/n on input line 19.
LaTeX Font Info:    ... okay on input line 19.
LaTeX Font Info:    Checking defaults for U/cmr/m/n on input line 19.
LaTeX Font Info:    ... okay on input line 19.
LaTeX Info: Redefining \degres on input line 19.
LaTeX Info: Redefining \up on input line 19.

(C:\Users\Juve\AppData\Local\Programs\MiKTeX\tex/context/base/mkii\supp-pdf.mki
i
[Loading MPS to PDF converter (version 2006.09.02).]
\scratchcounter=\count381
\scratchdimen=\dimen266
\scratchbox=\box109
\nofMPsegments=\count382
\nofMParguments=\count383
\everyMPshowfont=\toks243
\MPscratchCnt=\count384
\MPscratchDim=\dimen267
\MPnumerator=\count385
\makeMPintoPDFobject=\count386
\everyMPtoPDFconversion=\toks244
)
(C:\Users\Juve\AppData\Local\Programs\MiKTeX\tex/latex/epstopdf-pkg\epstopdf-ba
se.sty
Package: epstopdf-base 2020-01-24 v2.11 Base part for package epstopdf
Package epstopdf-base Info: Redefining graphics rule for `.eps' on input line 4
85.

(C:\Users\Juve\AppData\Local\Programs\MiKTeX\tex/latex/00miktex\epstopdf-sys.cf
g
File: epstopdf-sys.cfg 2021/03/18 v2.0 Configuration of epstopdf for MiKTeX
))
\AMC@ovalbox@R=\box110
\AMC@ovalbox@RF=\box111
\AMC@ovalbox@=\box112
\AMC@ovalbox@F=\box113

*geometry* driver: auto-detecting
*geometry* detected driver: pdftex
*geometry* verbose mode - [ preamble ] result:
* driver: pdftex
* paper: a4paper
* layout: <same size as paper>
* layoutoffset:(h,v)=(0.0pt,0.0pt)
* modes: 
* h-part:(L,W,R)=(85.35826pt, 426.79135pt, 85.35826pt)
* v-part:(T,H,B)=(99.58464pt, 674.33032pt, 71.13188pt)
* \paperwidth=597.50787pt
* \paperheight=845.04684pt
* \textwidth=426.79135pt
* \textheight=674.33032pt
* \oddsidemargin=13.08827pt
* \evensidemargin=13.08827pt
* \topmargin=-38.12675pt
* \headheight=56.9055pt
* \headsep=8.5359pt
* \topskip=12.0pt
* \footskip=28.45274pt
* \marginparwidth=35.0pt
* \marginparsep=10.0pt
* \columnsep=10.0pt
* \skip\footins=10.8pt plus 4.0pt minus 2.0pt
* \hoffset=0.0pt
* \voffset=0.0pt
* \mag=1000
* \@twocolumnfalse
* \@twosidefalse
* \@mparswitchfalse
* \@reversemarginfalse
* (1in=72.27pt=25.4mm, 1cm=28.453pt)

(pythontex-files-untitle/untitle.pytxmcr)

Package PythonTeX Warning: A "listing" environment already exists 
(PythonTeX)                PythonTeX will not create one 
(PythonTeX)                Use \setpythontexlistingenv to create a custom listi
ng environment on input line 19.

(pythontex-files-untitle/untitle.pytxpyg)
\c@pytx@py@default@default@line=\count387
\amc@k=\count388
\AMCamc@j=\count389
\amc@i=\toks245
\amc@ii=\toks246
\amc@iii=\toks247
\amc@iv=\toks248
\amc@v=\toks249
\amc@vi=\toks250
\amc@vii=\toks251
\amc@viii=\toks252
\amc@ix=\toks253
\amc@x=\toks254
\amc@xi=\toks255
LaTeX Font Info:    Trying to load font information for U+msa on input line 286
.

(C:\Users\Juve\AppData\Local\Programs\MiKTeX\tex/latex/amsfonts\umsa.fd
File: umsa.fd 2013/01/14 v3.01 AMS symbols A
)
LaTeX Font Info:    Trying to load font information for U+msb on input line 286
.

(C:\Users\Juve\AppData\Local\Programs\MiKTeX\tex/latex/amsfonts\umsb.fd
File: umsb.fd 2013/01/14 v3.01 AMS symbols B
)
Overfull \hbox (3.89816pt too wide) in paragraph at lines 286--286
[] [] [] [] [] [] [] [] |  $[]$ 
 []


Underfull \hbox (badness 10000) in paragraph at lines 286--286

 []

LaTeX Font Info:    Trying to load font information for T1+cmtt on input line 2
86.
(C:\Users\Juve\AppData\Local\Programs\MiKTeX\tex/latex/base\t1cmtt.fd
File: t1cmtt.fd 2019/12/16 v2.5j Standard LaTeX font definitions
)
Underfull \hbox (badness 10000) in paragraph at lines 286--286

 []


Underfull \hbox (badness 2213) in paragraph at lines 286--286
[]\T1/cmr/m/n/12 select * from Client, Com-mande where Client.id=Commande.id an
d
 []


Underfull \hbox (badness 10000) in paragraph at lines 286--286

 []


Underfull \hbox (badness 10000) in paragraph at lines 286--286

 []


Underfull \hbox (badness 10000) in paragraph at lines 286--286

 []

[1{C:/Users/Juve/AppData/Local/MiKTeX/fonts/map/pdftex/pdftex.map}

] [2]
[3] [4] (untitle.aux) ) 
Here is how much of TeX's memory you used:
 12828 strings out of 478584
 231926 string characters out of 2844873
 702203 words of memory out of 3000000
 30785 multiletter control sequences out of 15000+600000
 477209 words of font info for 51 fonts, out of 8000000 for 9000
 1141 hyphenation exceptions out of 8191
 85i,23n,90p,332b,559s stack positions out of 5000i,500n,10000p,200000b,80000s
 <C:\Users\Juve\AppData\Local\MiKTeX\fonts/pk/ljfour/jkn
appen/ec/dpi600\ecti1200.pk> <C:\Users\Juve\AppData\Local\MiKTeX\fonts/pk/ljfou
r/jknappen/ec/dpi600\ecbx1200.pk> <C:\Users\Juve\AppData\Local\MiKTeX\fonts/pk/
ljfour/jknappen/ec/dpi600\ecrm1200.pk> <C:\Users\Juve\AppData\Local\MiKTeX\font
s/pk/ljfour/jknappen/ec/dpi600\ecrm1728.pk> <C:\Users\Juve\AppData\Local\MiKTeX
\fonts/pk/ljfour/jknappen/ec/dpi600\ectt1200.pk><C:/Users/Juve/AppData/Local/Pr
ograms/MiKTeX/fonts/type1/public/amsfonts/cm/cmmi12.pfb><C:/Users/Juve/AppData/
Local/Programs/MiKTeX/fonts/type1/public/amsfonts/cm/cmr12.pfb><C:/Users/Juve/A
ppData/Local/Programs/MiKTeX/fonts/type1/public/amsfonts/cm/cmr8.pfb><C:/Users/
Juve/AppData/Local/Programs/MiKTeX/fonts/type1/public/amsfonts/cm/cmsy10.pfb><C
:/Users/Juve/AppData/Local/Programs/MiKTeX/fonts/type1/public/amsfonts/latxfont
/lcircle1.pfb>
Output written on untitle.pdf (4 pages, 114353 bytes).
PDF statistics:
 221 PDF objects out of 1000 (max. 8388607)
 0 named destinations out of 1000 (max. 500000)
 1 words of extra memory for PDF output out of 10000 (max. 10000000)

